Detecting C compiler ABI info failed to compile with the following output:
Change Dir: F:/GitHub/Graduation-Project/Moduls/Switch16f1828/build/CMakeFiles/CMakeTmp

Run Build Command(s):C:/ProgramData/chocolatey/bin/make.exe -f Makefile cmTC_633c4/fast && C:/ProgramData/chocolatey/lib/make/tools/install/bin/make.exe  -f CMakeFiles/cmTC_633c4.dir/build.make CMakeFiles/cmTC_633c4.dir/build
make[1]: Entering directory 'F:/GitHub/Graduation-Project/Moduls/Switch16f1828/build/CMakeFiles/CMakeTmp'
Building C object CMakeFiles/cmTC_633c4.dir/CMakeCCompilerABI.c.p1
"C:/Program Files/Microchip/xc8/v2.35/bin/xc8-cc.exe" -mcpu=16F1828 -std=c99 --nofallback      -oCMakeFiles/cmTC_633c4.dir/CMakeCCompilerABI.c.p1   -c F:/cmake-3.23.0-rc1-windows-x86_64/cmake-3.23.0-rc1-windows-x86_64/share/cmake-3.23/Modules/CMakeCCompilerABI.c
Linking C executable cmTC_633c4
"C:/Program Files/Microchip/xc8/v2.35/bin/xc8-cc.exe" -mcpu=16F1828 -std=c99 --nofallback    "CMakeFiles/cmTC_633c4.dir/CMakeCCompilerABI.c.p1"      -ocmTC_633c4

Memory Summary:
    Program space        used    91h (   145) of  1000h words   (  3.5%)
    Data space           used     9h (     9) of   100h bytes   (  3.5%)
    EEPROM space         used     0h (     0) of   100h bytes   (  0.0%)
    Configuration bits   used     0h (     0) of     2h words   (  0.0%)
    ID Location space    used     0h (     0) of     4h bytes   (  0.0%)

make[1]: Leaving directory 'F:/GitHub/Graduation-Project/Moduls/Switch16f1828/build/CMakeFiles/CMakeTmp'


Cannot copy output executable
  ''
to destination specified by COPY_FILE:
  'F:/GitHub/Graduation-Project/Moduls/Switch16f1828/build/CMakeFiles/3.23.0-rc1/CMakeDetermineCompilerABI_C.bin'
Unable to find the executable at any of:
  F:/GitHub/Graduation-Project/Moduls/Switch16f1828/build/CMakeFiles/CMakeTmp/cmTC_633c4
  F:/GitHub/Graduation-Project/Moduls/Switch16f1828/build/CMakeFiles/CMakeTmp/Debug/cmTC_633c4
  F:/GitHub/Graduation-Project/Moduls/Switch16f1828/build/CMakeFiles/CMakeTmp/Development/cmTC_633c4


